<?xml version="1.0" encoding="UTF-8"?>
<testng-results skipped="0" failed="0" ignored="0" total="1" passed="1">
  <reporter-output>
  </reporter-output>
  <suite name="Default suite" duration-ms="11194" started-at="2021-11-02T10:48:27 IST" finished-at="2021-11-02T10:48:38 IST">
    <groups>
    </groups>
    <test name="Default test" duration-ms="11194" started-at="2021-11-02T10:48:27 IST" finished-at="2021-11-02T10:48:38 IST">
      <class name="com.test.seleniumpoc.LoginTest">
        <test-method status="PASS" signature="HomePage()[pri:0, instance:com.test.seleniumpoc.LoginTest@58c1670b]" name="HomePage" duration-ms="11132" started-at="2021-11-02T10:48:27 IST" finished-at="2021-11-02T10:48:38 IST">
          <reporter-output>
          </reporter-output>
        </test-method> <!-- HomePage -->
      </class> <!-- com.test.seleniumpoc.LoginTest -->
    </test> <!-- Default test -->
  </suite> <!-- Default suite -->
</testng-results>
