<?xml version="1.0" encoding="UTF-8"?>
<testng-results skipped="0" failed="0" ignored="0" total="2" passed="2">
  <reporter-output>
  </reporter-output>
  <suite name="Suite" duration-ms="36388" started-at="2021-10-17T00:01:38 IST" finished-at="2021-10-17T00:02:15 IST">
    <groups>
    </groups>
    <test name="Test" duration-ms="36388" started-at="2021-10-17T00:01:38 IST" finished-at="2021-10-17T00:02:15 IST">
      <class name="com.test.seleniumpoc.LoginTest">
        <test-method status="PASS" signature="HomePage()[pri:0, instance:com.test.seleniumpoc.LoginTest@6b57696f]" name="HomePage" duration-ms="21938" started-at="2021-10-17T00:01:39 IST" finished-at="2021-10-17T00:02:00 IST">
          <reporter-output>
          </reporter-output>
        </test-method> <!-- HomePage -->
      </class> <!-- com.test.seleniumpoc.LoginTest -->
      <class name="com.test.seleniumpoc.LogoutTest">
        <test-method status="PASS" signature="HomePage()[pri:0, instance:com.test.seleniumpoc.LogoutTest@7113b13f]" name="HomePage" duration-ms="14163" started-at="2021-10-17T00:02:01 IST" finished-at="2021-10-17T00:02:15 IST">
          <reporter-output>
          </reporter-output>
        </test-method> <!-- HomePage -->
      </class> <!-- com.test.seleniumpoc.LogoutTest -->
    </test> <!-- Test -->
  </suite> <!-- Suite -->
</testng-results>
